<?xml version="1.0" encoding="UTF-8"?>
<!-- Generated by org.testng.reporters.JUnitReportReporter -->
<testsuite skipped="0" hostname="FTD-NB-SRIKANTH" name="com.automation.qa.testcases.DemoTest" tests="3" failures="0" timestamp="30 Oct 2018 17:05:28 GMT" time="75.337" errors="0">
  <testcase name="validateRegisterForm" time="24.058" classname="com.automation.qa.testcases.DemoTest"/>
  <testcase name="validateRegisterForm" time="27.670" classname="com.automation.qa.testcases.DemoTest"/>
  <testcase name="validateRegisterForm" time="23.609" classname="com.automation.qa.testcases.DemoTest"/>
</testsuite> <!-- com.automation.qa.testcases.DemoTest -->
